{"D:\\frokantigravity\\newblog\\components\\LoadingFallback.tsx": {"path":"D:\\frokantigravity\\newblog\\components\\LoadingFallback.tsx","statementMap":{"0":{"start":{"line":3,"column":24},"end":{"line":20,"column":null}},"1":{"start":{"line":4,"column":2},"end":{"line":20,"column":null}},"2":{"start":{"line":12,"column":8},"end":{"line":17,"column":null}}},"fnMap":{"0":{"name":"(anonymous_0)","decl":{"start":{"line":3,"column":24},"end":{"line":3,"column":null}},"loc":{"start":{"line":4,"column":2},"end":{"line":20,"column":null}},"line":4},"1":{"name":"(anonymous_1)","decl":{"start":{"line":11,"column":21},"end":{"line":11,"column":22}},"loc":{"start":{"line":12,"column":8},"end":{"line":17,"column":null}},"line":12}},"branchMap":{},"s":{"0":1,"1":4,"2":12},"f":{"0":4,"1":12},"b":{},"meta":{"lastBranch":0,"lastFunction":2,"lastStatement":3,"seen":{"s:3:24:20:Infinity":0,"f:3:24:3:Infinity":0,"s:4:2:20:Infinity":1,"f:11:21:11:22":1,"s:12:8:17:Infinity":2}}}
,"D:\\frokantigravity\\newblog\\components\\Toast.tsx": {"path":"D:\\frokantigravity\\newblog\\components\\Toast.tsx","statementMap":{"0":{"start":{"line":16,"column":6},"end":{"line":16,"column":null}},"1":{"start":{"line":18,"column":14},"end":{"line":18,"column":null}},"2":{"start":{"line":21,"column":26},"end":{"line":21,"column":null}},"3":{"start":{"line":23,"column":8},"end":{"line":29,"column":null}},"4":{"start":{"line":24,"column":15},"end":{"line":24,"column":null}},"5":{"start":{"line":25,"column":4},"end":{"line":25,"column":null}},"6":{"start":{"line":25,"column":22},"end":{"line":25,"column":54}},"7":{"start":{"line":26,"column":4},"end":{"line":28,"column":null}},"8":{"start":{"line":27,"column":6},"end":{"line":27,"column":null}},"9":{"start":{"line":27,"column":24},"end":{"line":27,"column":53}},"10":{"start":{"line":27,"column":41},"end":{"line":27,"column":52}},"11":{"start":{"line":31,"column":17},"end":{"line":35,"column":null}},"12":{"start":{"line":37,"column":15},"end":{"line":41,"column":null}},"13":{"start":{"line":43,"column":2},"end":{"line":64,"column":null}},"14":{"start":{"line":49,"column":12},"end":{"line":60,"column":null}},"15":{"start":{"line":69,"column":8},"end":{"line":69,"column":null}},"16":{"start":{"line":70,"column":2},"end":{"line":70,"column":null}},"17":{"start":{"line":70,"column":16},"end":{"line":70,"column":null}},"18":{"start":{"line":71,"column":2},"end":{"line":71,"column":null}}},"fnMap":{"0":{"name":"ToastProvider","decl":{"start":{"line":20,"column":16},"end":{"line":20,"column":30}},"loc":{"start":{"line":20,"column":69},"end":{"line":66,"column":null}},"line":20},"1":{"name":"(anonymous_1)","decl":{"start":{"line":23,"column":32},"end":{"line":23,"column":33}},"loc":{"start":{"line":23,"column":82},"end":{"line":29,"column":5}},"line":23},"2":{"name":"(anonymous_2)","decl":{"start":{"line":25,"column":14},"end":{"line":25,"column":22}},"loc":{"start":{"line":25,"column":22},"end":{"line":25,"column":54}},"line":25},"3":{"name":"(anonymous_3)","decl":{"start":{"line":26,"column":15},"end":{"line":26,"column":21}},"loc":{"start":{"line":26,"column":21},"end":{"line":28,"column":7}},"line":26},"4":{"name":"(anonymous_4)","decl":{"start":{"line":27,"column":16},"end":{"line":27,"column":24}},"loc":{"start":{"line":27,"column":24},"end":{"line":27,"column":53}},"line":27},"5":{"name":"(anonymous_5)","decl":{"start":{"line":27,"column":36},"end":{"line":27,"column":41}},"loc":{"start":{"line":27,"column":41},"end":{"line":27,"column":52}},"line":27},"6":{"name":"(anonymous_6)","decl":{"start":{"line":48,"column":22},"end":{"line":48,"column":null}},"loc":{"start":{"line":49,"column":12},"end":{"line":60,"column":null}},"line":49},"7":{"name":"useToast","decl":{"start":{"line":68,"column":16},"end":{"line":68,"column":27}},"loc":{"start":{"line":68,"column":27},"end":{"line":72,"column":null}},"line":68}},"branchMap":{"0":{"loc":{"start":{"line":23,"column":50},"end":{"line":23,"column":82}},"type":"default-arg","locations":[{"start":{"line":23,"column":68},"end":{"line":23,"column":82}}],"line":23},"1":{"loc":{"start":{"line":70,"column":2},"end":{"line":70,"column":null}},"type":"if","locations":[{"start":{"line":70,"column":2},"end":{"line":70,"column":null}},{"start":{},"end":{}}],"line":70}},"s":{"0":1,"1":1,"2":9,"3":9,"4":5,"5":5,"6":5,"7":5,"8":0,"9":0,"10":0,"11":9,"12":9,"13":9,"14":6,"15":12,"16":12,"17":2,"18":9},"f":{"0":9,"1":5,"2":5,"3":0,"4":0,"5":0,"6":6,"7":12},"b":{"0":[5],"1":[2,10]},"meta":{"lastBranch":2,"lastFunction":8,"lastStatement":19,"seen":{"s:16:6:16:Infinity":0,"s:18:14:18:Infinity":1,"f:20:16:20:30":0,"s:21:26:21:Infinity":2,"s:23:8:29:Infinity":3,"f:23:32:23:33":1,"b:23:68:23:82":0,"s:24:15:24:Infinity":4,"s:25:4:25:Infinity":5,"f:25:14:25:22":2,"s:25:22:25:54":6,"s:26:4:28:Infinity":7,"f:26:15:26:21":3,"s:27:6:27:Infinity":8,"f:27:16:27:24":4,"s:27:24:27:53":9,"f:27:36:27:41":5,"s:27:41:27:52":10,"s:31:17:35:Infinity":11,"s:37:15:41:Infinity":12,"s:43:2:64:Infinity":13,"f:48:22:48:Infinity":6,"s:49:12:60:Infinity":14,"f:68:16:68:27":7,"s:69:8:69:Infinity":15,"b:70:2:70:Infinity:undefined:undefined:undefined:undefined":1,"s:70:2:70:Infinity":16,"s:70:16:70:Infinity":17,"s:71:2:71:Infinity":18}}}
,"D:\\frokantigravity\\newblog\\hooks\\useResponsive.ts": {"path":"D:\\frokantigravity\\newblog\\hooks\\useResponsive.ts","statementMap":{"0":{"start":{"line":5,"column":20},"end":{"line":5,"column":null}},"1":{"start":{"line":8,"column":34},"end":{"line":8,"column":null}},"2":{"start":{"line":10,"column":2},"end":{"line":18,"column":null}},"3":{"start":{"line":11,"column":19},"end":{"line":14,"column":null}},"4":{"start":{"line":12,"column":16},"end":{"line":12,"column":null}},"5":{"start":{"line":13,"column":6},"end":{"line":13,"column":null}},"6":{"start":{"line":15,"column":4},"end":{"line":15,"column":null}},"7":{"start":{"line":16,"column":4},"end":{"line":16,"column":null}},"8":{"start":{"line":17,"column":4},"end":{"line":17,"column":null}},"9":{"start":{"line":17,"column":17},"end":{"line":17,"column":null}},"10":{"start":{"line":20,"column":2},"end":{"line":20,"column":null}},"11":{"start":{"line":24,"column":2},"end":{"line":24,"column":null}},"12":{"start":{"line":28,"column":2},"end":{"line":28,"column":null}},"13":{"start":{"line":32,"column":13},"end":{"line":32,"column":null}},"14":{"start":{"line":33,"column":2},"end":{"line":33,"column":null}},"15":{"start":{"line":38,"column":2},"end":{"line":38,"column":null}}},"fnMap":{"0":{"name":"useBreakpoint","decl":{"start":{"line":7,"column":16},"end":{"line":7,"column":44}},"loc":{"start":{"line":7,"column":44},"end":{"line":21,"column":null}},"line":7},"1":{"name":"(anonymous_1)","decl":{"start":{"line":10,"column":12},"end":{"line":10,"column":18}},"loc":{"start":{"line":10,"column":18},"end":{"line":18,"column":5}},"line":10},"2":{"name":"(anonymous_2)","decl":{"start":{"line":11,"column":19},"end":{"line":11,"column":25}},"loc":{"start":{"line":11,"column":25},"end":{"line":14,"column":null}},"line":11},"3":{"name":"(anonymous_3)","decl":{"start":{"line":17,"column":11},"end":{"line":17,"column":17}},"loc":{"start":{"line":17,"column":17},"end":{"line":17,"column":null}},"line":17},"4":{"name":"useIsMobile","decl":{"start":{"line":23,"column":16},"end":{"line":23,"column":39}},"loc":{"start":{"line":23,"column":39},"end":{"line":25,"column":null}},"line":23},"5":{"name":"useIsTablet","decl":{"start":{"line":27,"column":16},"end":{"line":27,"column":39}},"loc":{"start":{"line":27,"column":39},"end":{"line":29,"column":null}},"line":27},"6":{"name":"useGridColumns","decl":{"start":{"line":31,"column":16},"end":{"line":31,"column":41}},"loc":{"start":{"line":31,"column":41},"end":{"line":34,"column":null}},"line":31},"7":{"name":"getGridColumns","decl":{"start":{"line":37,"column":16},"end":{"line":37,"column":31}},"loc":{"start":{"line":37,"column":54},"end":{"line":39,"column":null}},"line":37}},"branchMap":{"0":{"loc":{"start":{"line":13,"column":20},"end":{"line":13,"column":101}},"type":"cond-expr","locations":[{"start":{"line":13,"column":45},"end":{"line":13,"column":56}},{"start":{"line":13,"column":56},"end":{"line":13,"column":101}}],"line":13},"1":{"loc":{"start":{"line":13,"column":56},"end":{"line":13,"column":101}},"type":"cond-expr","locations":[{"start":{"line":13,"column":81},"end":{"line":13,"column":92}},{"start":{"line":13,"column":92},"end":{"line":13,"column":101}}],"line":13},"2":{"loc":{"start":{"line":33,"column":9},"end":{"line":33,"column":null}},"type":"cond-expr","locations":[{"start":{"line":33,"column":27},"end":{"line":33,"column":31}},{"start":{"line":33,"column":31},"end":{"line":33,"column":null}}],"line":33},"3":{"loc":{"start":{"line":33,"column":31},"end":{"line":33,"column":null}},"type":"cond-expr","locations":[{"start":{"line":33,"column":49},"end":{"line":33,"column":53}},{"start":{"line":33,"column":53},"end":{"line":33,"column":null}}],"line":33},"4":{"loc":{"start":{"line":38,"column":9},"end":{"line":38,"column":null}},"type":"cond-expr","locations":[{"start":{"line":38,"column":38},"end":{"line":38,"column":42}},{"start":{"line":38,"column":42},"end":{"line":38,"column":null}}],"line":38},"5":{"loc":{"start":{"line":38,"column":42},"end":{"line":38,"column":null}},"type":"cond-expr","locations":[{"start":{"line":38,"column":71},"end":{"line":38,"column":75}},{"start":{"line":38,"column":75},"end":{"line":38,"column":null}}],"line":38}},"s":{"0":1,"1":0,"2":0,"3":0,"4":0,"5":0,"6":0,"7":0,"8":0,"9":0,"10":0,"11":0,"12":0,"13":0,"14":0,"15":106},"f":{"0":0,"1":0,"2":0,"3":0,"4":0,"5":0,"6":0,"7":106},"b":{"0":[0,0],"1":[0,0],"2":[0,0],"3":[0,0],"4":[35,71],"5":[7,64]},"meta":{"lastBranch":6,"lastFunction":8,"lastStatement":16,"seen":{"s:5:20:5:Infinity":0,"f:7:16:7:44":0,"s:8:34:8:Infinity":1,"s:10:2:18:Infinity":2,"f:10:12:10:18":1,"s:11:19:14:Infinity":3,"f:11:19:11:25":2,"s:12:16:12:Infinity":4,"s:13:6:13:Infinity":5,"b:13:45:13:56:13:56:13:101":0,"b:13:81:13:92:13:92:13:101":1,"s:15:4:15:Infinity":6,"s:16:4:16:Infinity":7,"s:17:4:17:Infinity":8,"f:17:11:17:17":3,"s:17:17:17:Infinity":9,"s:20:2:20:Infinity":10,"f:23:16:23:39":4,"s:24:2:24:Infinity":11,"f:27:16:27:39":5,"s:28:2:28:Infinity":12,"f:31:16:31:41":6,"s:32:13:32:Infinity":13,"s:33:2:33:Infinity":14,"b:33:27:33:31:33:31:33:Infinity":2,"b:33:49:33:53:33:53:33:Infinity":3,"f:37:16:37:31":7,"s:38:2:38:Infinity":15,"b:38:38:38:42:38:42:38:Infinity":4,"b:38:71:38:75:38:75:38:Infinity":5}}}
,"D:\\frokantigravity\\newblog\\routes\\index.tsx": {"path":"D:\\frokantigravity\\newblog\\routes\\index.tsx","statementMap":{"0":{"start":{"line":5,"column":13},"end":{"line":5,"column":null}},"1":{"start":{"line":5,"column":31},"end":{"line":5,"column":null}},"2":{"start":{"line":6,"column":13},"end":{"line":6,"column":null}},"3":{"start":{"line":6,"column":37},"end":{"line":6,"column":null}},"4":{"start":{"line":7,"column":13},"end":{"line":7,"column":null}},"5":{"start":{"line":7,"column":32},"end":{"line":7,"column":null}},"6":{"start":{"line":8,"column":13},"end":{"line":8,"column":null}},"7":{"start":{"line":8,"column":37},"end":{"line":8,"column":null}},"8":{"start":{"line":9,"column":13},"end":{"line":9,"column":null}},"9":{"start":{"line":9,"column":32},"end":{"line":9,"column":null}},"10":{"start":{"line":10,"column":13},"end":{"line":10,"column":null}},"11":{"start":{"line":10,"column":34},"end":{"line":10,"column":null}},"12":{"start":{"line":13,"column":25},"end":{"line":14,"column":null}},"13":{"start":{"line":14,"column":2},"end":{"line":14,"column":null}}},"fnMap":{"0":{"name":"(anonymous_0)","decl":{"start":{"line":5,"column":25},"end":{"line":5,"column":31}},"loc":{"start":{"line":5,"column":31},"end":{"line":5,"column":null}},"line":5},"1":{"name":"(anonymous_1)","decl":{"start":{"line":6,"column":31},"end":{"line":6,"column":37}},"loc":{"start":{"line":6,"column":37},"end":{"line":6,"column":null}},"line":6},"2":{"name":"(anonymous_2)","decl":{"start":{"line":7,"column":26},"end":{"line":7,"column":32}},"loc":{"start":{"line":7,"column":32},"end":{"line":7,"column":null}},"line":7},"3":{"name":"(anonymous_3)","decl":{"start":{"line":8,"column":31},"end":{"line":8,"column":37}},"loc":{"start":{"line":8,"column":37},"end":{"line":8,"column":null}},"line":8},"4":{"name":"(anonymous_4)","decl":{"start":{"line":9,"column":26},"end":{"line":9,"column":32}},"loc":{"start":{"line":9,"column":32},"end":{"line":9,"column":null}},"line":9},"5":{"name":"(anonymous_5)","decl":{"start":{"line":10,"column":28},"end":{"line":10,"column":34}},"loc":{"start":{"line":10,"column":34},"end":{"line":10,"column":null}},"line":10},"6":{"name":"(anonymous_6)","decl":{"start":{"line":13,"column":25},"end":{"line":13,"column":26}},"loc":{"start":{"line":14,"column":2},"end":{"line":14,"column":null}},"line":14}},"branchMap":{},"s":{"0":1,"1":1,"2":1,"3":0,"4":1,"5":1,"6":1,"7":0,"8":1,"9":1,"10":1,"11":0,"12":1,"13":0},"f":{"0":1,"1":0,"2":1,"3":0,"4":1,"5":0,"6":0},"b":{},"meta":{"lastBranch":0,"lastFunction":7,"lastStatement":14,"seen":{"s:5:13:5:Infinity":0,"f:5:25:5:31":0,"s:5:31:5:Infinity":1,"s:6:13:6:Infinity":2,"f:6:31:6:37":1,"s:6:37:6:Infinity":3,"s:7:13:7:Infinity":4,"f:7:26:7:32":2,"s:7:32:7:Infinity":5,"s:8:13:8:Infinity":6,"f:8:31:8:37":3,"s:8:37:8:Infinity":7,"s:9:13:9:Infinity":8,"f:9:26:9:32":4,"s:9:32:9:Infinity":9,"s:10:13:10:Infinity":10,"f:10:28:10:34":5,"s:10:34:10:Infinity":11,"s:13:25:14:Infinity":12,"f:13:25:13:26":6,"s:14:2:14:Infinity":13}}}
,"D:\\frokantigravity\\newblog\\services\\rateLimiter.ts": {"path":"D:\\frokantigravity\\newblog\\services\\rateLimiter.ts","statementMap":{"0":{"start":{"line":1,"column":19},"end":{"line":1,"column":null}},"1":{"start":{"line":2,"column":18},"end":{"line":2,"column":null}},"2":{"start":{"line":10,"column":2},"end":{"line":10,"column":null}},"3":{"start":{"line":13,"column":4},"end":{"line":13,"column":null}},"4":{"start":{"line":14,"column":4},"end":{"line":14,"column":null}},"5":{"start":{"line":18,"column":4},"end":{"line":18,"column":null}},"6":{"start":{"line":18,"column":28},"end":{"line":18,"column":null}},"7":{"start":{"line":19,"column":4},"end":{"line":19,"column":null}},"8":{"start":{"line":20,"column":4},"end":{"line":20,"column":null}},"9":{"start":{"line":24,"column":4},"end":{"line":24,"column":null}},"10":{"start":{"line":28,"column":4},"end":{"line":28,"column":null}},"11":{"start":{"line":29,"column":4},"end":{"line":29,"column":null}},"12":{"start":{"line":33,"column":4},"end":{"line":35,"column":null}},"13":{"start":{"line":34,"column":6},"end":{"line":34,"column":null}},"14":{"start":{"line":39,"column":29},"end":{"line":39,"column":null}}},"fnMap":{"0":{"name":"(anonymous_0)","decl":{"start":{"line":9,"column":0},"end":{"line":9,"column":6}},"loc":{"start":{"line":9,"column":0},"end":{"line":10,"column":null}},"line":9},"1":{"name":"(anonymous_1)","decl":{"start":{"line":12,"column":2},"end":{"line":12,"column":24}},"loc":{"start":{"line":12,"column":24},"end":{"line":15,"column":null}},"line":12},"2":{"name":"(anonymous_2)","decl":{"start":{"line":17,"column":2},"end":{"line":17,"column":21}},"loc":{"start":{"line":17,"column":21},"end":{"line":21,"column":null}},"line":17},"3":{"name":"(anonymous_3)","decl":{"start":{"line":23,"column":2},"end":{"line":23,"column":29}},"loc":{"start":{"line":23,"column":29},"end":{"line":25,"column":null}},"line":23},"4":{"name":"(anonymous_4)","decl":{"start":{"line":27,"column":2},"end":{"line":27,"column":33}},"loc":{"start":{"line":27,"column":33},"end":{"line":30,"column":null}},"line":27},"5":{"name":"(anonymous_5)","decl":{"start":{"line":32,"column":10},"end":{"line":32,"column":32}},"loc":{"start":{"line":32,"column":32},"end":{"line":36,"column":null}},"line":32}},"branchMap":{"0":{"loc":{"start":{"line":18,"column":4},"end":{"line":18,"column":null}},"type":"if","locations":[{"start":{"line":18,"column":4},"end":{"line":18,"column":null}},{"start":{},"end":{}}],"line":18},"1":{"loc":{"start":{"line":33,"column":4},"end":{"line":35,"column":null}},"type":"if","locations":[{"start":{"line":33,"column":4},"end":{"line":35,"column":null}},{"start":{},"end":{}}],"line":33}},"s":{"0":1,"1":1,"2":104,"3":999,"4":999,"5":997,"6":280,"7":717,"8":717,"9":0,"10":2,"11":2,"12":1001,"13":1,"14":1},"f":{"0":104,"1":999,"2":997,"3":0,"4":2,"5":1001},"b":{"0":[280,717],"1":[1,1000]},"meta":{"lastBranch":2,"lastFunction":6,"lastStatement":15,"seen":{"s:1:19:1:Infinity":0,"s:2:18:2:Infinity":1,"f:9:0:9:6":0,"s:10:2:10:Infinity":2,"f:12:2:12:24":1,"s:13:4:13:Infinity":3,"s:14:4:14:Infinity":4,"f:17:2:17:21":2,"b:18:4:18:Infinity:undefined:undefined:undefined:undefined":0,"s:18:4:18:Infinity":5,"s:18:28:18:Infinity":6,"s:19:4:19:Infinity":7,"s:20:4:20:Infinity":8,"f:23:2:23:29":3,"s:24:4:24:Infinity":9,"f:27:2:27:33":4,"s:28:4:28:Infinity":10,"s:29:4:29:Infinity":11,"f:32:10:32:32":5,"b:33:4:35:Infinity:undefined:undefined:undefined:undefined":1,"s:33:4:35:Infinity":12,"s:34:6:34:Infinity":13,"s:39:29:39:Infinity":14}}}
}
